
Due to MODULEPATH changes, the following have been reloaded:
  1) libfabric/1.10.1     2) openmpi/4.0.3     3) ucx/1.8.0

/project/6002049/maliha/venv/lib/python3.8/site-packages/xgboost/compat.py:93: FutureWarning: pandas.Int64Index is deprecated and will be removed from pandas in a future version. Use pandas.Index with the appropriate dtype instead.
  from pandas import MultiIndex, Int64Index
country                      0
description                  0
designation              37465
points                       0
price                        0
province                    63
region_1                 21247
region_2                 79460
taster_name              26244
taster_twitter_handle    31213
title                        0
variety                      1
winery                       0
dtype: int64
23.110731969029455
26.920037591725468
y1 RMSE:2.5167
y2 RMSE:37.9874
